-------------------------------------------------------------------------------
>Log Session: Monday, June 26, 2023 at 10:20:42 PM Central European Summer Time
>System Info: 
  Product Version         = Apache NetBeans IDE 13
  Operating System        = Windows 10 version 10.0 running on amd64
  Java; VM; Vendor        = 14.0.1; Java HotSpot(TM) 64-Bit Server VM 14.0.1+7; Oracle Corporation
  Runtime                 = Java(TM) SE Runtime Environment 14.0.1+7
  Java Home               = C:\Program Files\Java\jdk-14.0.1
  System Locale; Encoding = de_DE (nb); Cp1252
  Home Directory          = C:\Users\Chris
  Current Directory       = C:\Projekte\Netbeans Plugins\breadcrumb-explorer
  User Directory          = C:\Projekte\Netbeans Plugins\breadcrumb-explorer\target\userdir
  Cache Directory         = C:\Projekte\Netbeans Plugins\breadcrumb-explorer\target\userdir\var\cache
  Installation            = C:\Users\Chris\Downloads\NetBeans Versions\netbeans 13.0\nb
                            C:\Users\Chris\Downloads\NetBeans Versions\netbeans 13.0\ergonomics
                            C:\Users\Chris\Downloads\NetBeans Versions\netbeans 13.0\ide
                            C:\Users\Chris\Downloads\NetBeans Versions\netbeans 13.0\extide
                            C:\Users\Chris\Downloads\NetBeans Versions\netbeans 13.0\java
                            C:\Users\Chris\Downloads\NetBeans Versions\netbeans 13.0\apisupport
                            C:\Users\Chris\Downloads\NetBeans Versions\netbeans 13.0\webcommon
                            C:\Users\Chris\Downloads\NetBeans Versions\netbeans 13.0\websvccommon
                            C:\Users\Chris\Downloads\NetBeans Versions\netbeans 13.0\enterprise
                            C:\Users\Chris\Downloads\NetBeans Versions\netbeans 13.0\profiler
                            C:\Users\Chris\Downloads\NetBeans Versions\netbeans 13.0\php
                            C:\Users\Chris\Downloads\NetBeans Versions\netbeans 13.0\harness
                            C:\Users\Chris\Downloads\NetBeans Versions\netbeans 13.0\cpplite
                            C:\Users\Chris\Downloads\NetBeans Versions\netbeans 13.0\groovy
                            C:\Users\Chris\Downloads\NetBeans Versions\netbeans 13.0\javafx
                            C:\Projekte\Netbeans Plugins\breadcrumb-explorer\target\netbeans_clusters\extra
                            C:\Users\Chris\Downloads\Netbeans Versions\netbeans 13.0\platform
  Boot & Ext. Classpath   = 
  Application Classpath   = C:\Users\Chris\Downloads\Netbeans Versions\netbeans 13.0\platform\lib\boot.jar;C:\Users\Chris\Downloads\Netbeans Versions\netbeans 13.0\platform\lib\org-openide-modules.jar;C:\Users\Chris\Downloads\Netbeans Versions\netbeans 13.0\platform\lib\org-openide-util-lookup.jar;C:\Users\Chris\Downloads\Netbeans Versions\netbeans 13.0\platform\lib\org-openide-util-ui.jar;C:\Users\Chris\Downloads\Netbeans Versions\netbeans 13.0\platform\lib\org-openide-util.jar
  Startup Classpath       = C:\Users\Chris\Downloads\Netbeans Versions\netbeans 13.0\platform\core\asm-9.2.jar;C:\Users\Chris\Downloads\Netbeans Versions\netbeans 13.0\platform\core\asm-commons-9.2.jar;C:\Users\Chris\Downloads\Netbeans Versions\netbeans 13.0\platform\core\asm-tree-9.2.jar;C:\Users\Chris\Downloads\Netbeans Versions\netbeans 13.0\platform\core\core-base.jar;C:\Users\Chris\Downloads\Netbeans Versions\netbeans 13.0\platform\core\core.jar;C:\Users\Chris\Downloads\Netbeans Versions\netbeans 13.0\platform\core\org-netbeans-libs-asm.jar;C:\Users\Chris\Downloads\Netbeans Versions\netbeans 13.0\platform\core\org-openide-filesystems-compat8.jar;C:\Users\Chris\Downloads\Netbeans Versions\netbeans 13.0\platform\core\org-openide-filesystems.jar;C:\Users\Chris\Downloads\Netbeans Versions\netbeans 13.0\nb\core\org-netbeans-upgrader.jar;C:\Users\Chris\Downloads\Netbeans Versions\netbeans 13.0\nb\core\locale\core_nb.jar
-------------------------------------------------------------------------------
WARNING [org.netbeans.modules.netbinox]: Cannot compute install area. No common prefix between C:\Users\Chris\Downloads\Netbeans Versions\netbeans 13.0\ and C:\Projekte\Netbeans Plugins\breadcrumb-explorer\target\netbeans_clusters\extra
INFO [org.netbeans.modules.netbinox]: Install area set to file:/C:/Users/Chris/Downloads/Netbeans Versions/netbeans 13.0/
WARNING [org.netbeans.core.modules]: the modules [org.netbeans.modules.xml.text] use org.netbeans.modules.editor.deprecated.pre65formatting which is deprecated.
WARNING [org.netbeans.core.modules]: the modules [org.netbeans.modules.ide.kit, org.netbeans.modules.xml.text] use org.netbeans.modules.editor.structure which is deprecated.
INFO [org.netbeans.core.startup.NbEvents]: Turning on modules:
	slf4j.jdk14 [1.7.28 1.7.28]
	slf4j.api [1.7.28 1.7.28]
	org.openide.util.lookup [8.49 13-00d6d969bf4d9b14e7406c9ee9cc13a61dc39655]
	org.openide.util [9.23 13-00d6d969bf4d9b14e7406c9ee9cc13a61dc39655]
	org.openide.util.ui [9.24 13-00d6d969bf4d9b14e7406c9ee9cc13a61dc39655]
	org.openide.modules [7.63 13-00d6d969bf4d9b14e7406c9ee9cc13a61dc39655]
	org.netbeans.api.annotations.common/1 [1.43 13-00d6d969bf4d9b14e7406c9ee9cc13a61dc39655]
	org.openide.filesystems [9.27 13-00d6d969bf4d9b14e7406c9ee9cc13a61dc39655]
	org.openide.awt [7.83 13-00d6d969bf4d9b14e7406c9ee9cc13a61dc39655]
	org.netbeans.api.progress/1 [1.63 13-00d6d969bf4d9b14e7406c9ee9cc13a61dc39655]
	org.netbeans.api.progress.nb [1.63 13-00d6d969bf4d9b14e7406c9ee9cc13a61dc39655]
	org.openide.dialogs [7.57 13-00d6d969bf4d9b14e7406c9ee9cc13a61dc39655]
	org.openide.nodes [7.60 13-00d6d969bf4d9b14e7406c9ee9cc13a61dc39655]
	org.openide.windows [6.92 13-00d6d969bf4d9b14e7406c9ee9cc13a61dc39655]
	org.netbeans.libs.batik.read [1.8.0.1 1 13-00d6d969bf4d9b14e7406c9ee9cc13a61dc39655]
	org.openide.util.ui.svg [1.9 13-00d6d969bf4d9b14e7406c9ee9cc13a61dc39655]
	org.netbeans.modules.editor.mimelookup/1 [1.55 13-00d6d969bf4d9b14e7406c9ee9cc13a61dc39655]
	org.openide.text [6.83 13-00d6d969bf4d9b14e7406c9ee9cc13a61dc39655]
	org.netbeans.api.scripting [1.12 13-00d6d969bf4d9b14e7406c9ee9cc13a61dc39655]
	org.netbeans.swing.tabcontrol [1.71 13-00d6d969bf4d9b14e7406c9ee9cc13a61dc39655]
	org.netbeans.swing.outline [1.49 13-00d6d969bf4d9b14e7406c9ee9cc13a61dc39655]
	org.openide.explorer [6.77 13-00d6d969bf4d9b14e7406c9ee9cc13a61dc39655]
	org.openide.actions [6.54 13-00d6d969bf4d9b14e7406c9ee9cc13a61dc39655]
	org.netbeans.modules.queries/1 [1.58 13-00d6d969bf4d9b14e7406c9ee9cc13a61dc39655]
	org.netbeans.api.templates [1.23 13-00d6d969bf4d9b14e7406c9ee9cc13a61dc39655]
	org.openide.filesystems.nb [9.25 13-00d6d969bf4d9b14e7406c9ee9cc13a61dc39655]
	org.openide.loaders [7.85 13-00d6d969bf4d9b14e7406c9ee9cc13a61dc39655]
	org.netbeans.api.intent [1.17 13-00d6d969bf4d9b14e7406c9ee9cc13a61dc39655]
	org.netbeans.api.io [1.18 13-00d6d969bf4d9b14e7406c9ee9cc13a61dc39655]
	org.openide.io [1.64 13-00d6d969bf4d9b14e7406c9ee9cc13a61dc39655]
	org.openide.filesystems.compat8 [9.24 13-00d6d969bf4d9b14e7406c9ee9cc13a61dc39655]
	org.openide.execution [9.18 13-00d6d969bf4d9b14e7406c9ee9cc13a61dc39655]
	org.openide.execution.compat8 [9.17 13-00d6d969bf4d9b14e7406c9ee9cc13a61dc39655]
	org.netbeans.upgrader [4.50 13-00d6d969bf4d9b14e7406c9ee9cc13a61dc39655]
	org.netbeans.swing.plaf [1.57 13-00d6d969bf4d9b14e7406c9ee9cc13a61dc39655]
	org.netbeans.modules.keyring [1.39 13-00d6d969bf4d9b14e7406c9ee9cc13a61dc39655]
	org.netbeans.libs.asm [5.18 13-00d6d969bf4d9b14e7406c9ee9cc13a61dc39655]
	org.netbeans.bootstrap/1 [2.93 13-00d6d969bf4d9b14e7406c9ee9cc13a61dc39655]
	org.netbeans.core.startup.base [1.77.0.1 1 13-00d6d969bf4d9b14e7406c9ee9cc13a61dc39655]
	org.netbeans.core.startup/1 [1.77.0.1 13-00d6d969bf4d9b14e7406c9ee9cc13a61dc39655]
	org.netbeans.modules.sampler [1.29 13-00d6d969bf4d9b14e7406c9ee9cc13a61dc39655]
	org.netbeans.core/2 [3.66 13-00d6d969bf4d9b14e7406c9ee9cc13a61dc39655]
	org.netbeans.spi.quicksearch [1.42 13-00d6d969bf4d9b14e7406c9ee9cc13a61dc39655]
	org.netbeans.modules.options.api/1 [1.60 13-00d6d969bf4d9b14e7406c9ee9cc13a61dc39655]
	org.netbeans.libs.flatlaf/1 [1.9 13-00d6d969bf4d9b14e7406c9ee9cc13a61dc39655]
	org.netbeans.swing.laf.flatlaf [1.8 13-00d6d969bf4d9b14e7406c9ee9cc13a61dc39655]
	org.netbeans.swing.laf.dark/1 [2.10.0.2 2 13-00d6d969bf4d9b14e7406c9ee9cc13a61dc39655]
	org.netbeans.modules.projectapi/1 [1.85 13-00d6d969bf4d9b14e7406c9ee9cc13a61dc39655]
	org.netbeans.swing.dirchooser [1.44 13-00d6d969bf4d9b14e7406c9ee9cc13a61dc39655]
	org.netbeans.spi.viewmodel/2 [1.66 13-00d6d969bf4d9b14e7406c9ee9cc13a61dc39655]
	org.netbeans.spi.tasklist/1 [1.50.0.1 1 13-00d6d969bf4d9b14e7406c9ee9cc13a61dc39655]
	org.netbeans.spi.palette/1 [1.61 13-00d6d969bf4d9b14e7406c9ee9cc13a61dc39655]
	org.netbeans.spi.navigator/1 [1.53 13-00d6d969bf4d9b14e7406c9ee9cc13a61dc39655]
	org.netbeans.modules.editor.settings/1 [1.72 13-00d6d969bf4d9b14e7406c9ee9cc13a61dc39655]
	org.netbeans.modules.editor.util/1 [1.80 13-00d6d969bf4d9b14e7406c9ee9cc13a61dc39655]
	org.netbeans.modules.editor.document [1.24.0.3 3 13-00d6d969bf4d9b14e7406c9ee9cc13a61dc39655]
	org.netbeans.modules.lexer/2 [1.78.0.1 1 13-00d6d969bf4d9b14e7406c9ee9cc13a61dc39655]
	org.netbeans.modules.editor.lib2/1 [2.35.0.55.3 55 13-00d6d969bf4d9b14e7406c9ee9cc13a61dc39655]
	org.netbeans.modules.editor.settings.lib [1.66.0.1 1 13-00d6d969bf4d9b14e7406c9ee9cc13a61dc39655]
	org.netbeans.modules.editor.fold/1 [1.60 13-00d6d969bf4d9b14e7406c9ee9cc13a61dc39655]
	org.netbeans.modules.editor.indent/2 [1.58 13-00d6d969bf4d9b14e7406c9ee9cc13a61dc39655]
	org.netbeans.modules.editor.guards/1 [1.48 13-00d6d969bf4d9b14e7406c9ee9cc13a61dc39655]
	org.netbeans.modules.editor.lib/3 [4.22.0.23.3.55 23 13-00d6d969bf4d9b14e7406c9ee9cc13a61dc39655]
	org.netbeans.spi.editor.hints/0 [1.57.0.8.55 8 13-00d6d969bf4d9b14e7406c9ee9cc13a61dc39655]
	org.netbeans.modules.projectuiapi.base/1 [1.101.0.9 9 13-00d6d969bf4d9b14e7406c9ee9cc13a61dc39655]
	org.netbeans.modules.projectuiapi/1 [1.103.0.8 8 13-00d6d969bf4d9b14e7406c9ee9cc13a61dc39655]
	org.netbeans.modules.editor.tools.storage [1.23 13-00d6d969bf4d9b14e7406c9ee9cc13a61dc39655]
	org.netbeans.api.lsp/1 [1.7 13-00d6d969bf4d9b14e7406c9ee9cc13a61dc39655]
	org.netbeans.modules.options.keymap [1.52 13-00d6d969bf4d9b14e7406c9ee9cc13a61dc39655]
	org.netbeans.modules.editor.settings.storage/1 [1.67.0.1 13-00d6d969bf4d9b14e7406c9ee9cc13a61dc39655]
	org.netbeans.modules.editor.fold.nbui [1.27.0.55 13-00d6d969bf4d9b14e7406c9ee9cc13a61dc39655]
	org.netbeans.modules.editor/3 [1.102.0.6.3.23.55 6 13-00d6d969bf4d9b14e7406c9ee9cc13a61dc39655]
	org.netbeans.modules.options.editor/1 [1.75 13-00d6d969bf4d9b14e7406c9ee9cc13a61dc39655]
	org.netbeans.spi.editor.hints.projects [1.26.0.1.8 1 13-00d6d969bf4d9b14e7406c9ee9cc13a61dc39655]
	org.netbeans.api.debugger/1 [1.70 13-00d6d969bf4d9b14e7406c9ee9cc13a61dc39655]
	org.netbeans.spi.debugger.ui/1 [2.73 13-00d6d969bf4d9b14e7406c9ee9cc13a61dc39655]
	org.netbeans.core.multiview/1 [1.59 13-00d6d969bf4d9b14e7406c9ee9cc13a61dc39655]
	org.netbeans.api.xml/1 [1.59 13-00d6d969bf4d9b14e7406c9ee9cc13a61dc39655]
	org.netbeans.modules.xml.core/2 [1.58.0.4 4 13-00d6d969bf4d9b14e7406c9ee9cc13a61dc39655]
	org.netbeans.modules.xml.xam/1 [1.47.0.1 1 13-00d6d969bf4d9b14e7406c9ee9cc13a61dc39655]
	org.netbeans.api.xml.ui/1 [1.59 13-00d6d969bf4d9b14e7406c9ee9cc13a61dc39655]
	org.apache.xml.resolver [1.46.0.12 12 13-00d6d969bf4d9b14e7406c9ee9cc13a61dc39655]
	org.netbeans.modules.xml.retriever/1 [1.46 13-00d6d969bf4d9b14e7406c9ee9cc13a61dc39655]
	org.netbeans.modules.xml.schema.model/1 [1.47.0.1 1 13-00d6d969bf4d9b14e7406c9ee9cc13a61dc39655]
	org.netbeans.modules.xml.axi [1.48 13-00d6d969bf4d9b14e7406c9ee9cc13a61dc39655]
	org.netbeans.modules.editor.indent.support [1.57 13-00d6d969bf4d9b14e7406c9ee9cc13a61dc39655]
	org.netbeans.api.java.classpath/1 [1.69 13-00d6d969bf4d9b14e7406c9ee9cc13a61dc39655]
	org.netbeans.libs.lucene/3 [3.34 13-00d6d969bf4d9b14e7406c9ee9cc13a61dc39655]
	org.netbeans.modules.masterfs/2 [2.70.0.2 2 13-00d6d969bf4d9b14e7406c9ee9cc13a61dc39655]
	org.netbeans.modules.parsing.lucene/2 [2.51.0.1 1 13-00d6d969bf4d9b14e7406c9ee9cc13a61dc39655]
	org.netbeans.modules.parsing.api/1 [9.22.0.8 8 13-00d6d969bf4d9b14e7406c9ee9cc13a61dc39655]
	org.netbeans.modules.editor.breadcrumbs/0 [1.32 13-00d6d969bf4d9b14e7406c9ee9cc13a61dc39655]
	org.netbeans.modules.editor.bracesmatching/0 [1.54.0.55 13-00d6d969bf4d9b14e7406c9ee9cc13a61dc39655]
	org.netbeans.modules.editor.deprecated.pre65formatting/0 [1.46.0.1.6.23.55 1 13-00d6d969bf4d9b14e7406c9ee9cc13a61dc39655]
	org.netbeans.modules.editor.errorstripe.api/1 [2.47.0.1 1 13-00d6d969bf4d9b14e7406c9ee9cc13a61dc39655]
	org.netbeans.modules.editor.errorstripe/2 [2.49.0.1.1 1 13-00d6d969bf4d9b14e7406c9ee9cc13a61dc39655]
	org.netbeans.modules.editor.completion/1 [1.60.0.2 2 13-00d6d969bf4d9b14e7406c9ee9cc13a61dc39655]
	org.netbeans.modules.editor.codetemplates/1 [1.59.0.1 1 13-00d6d969bf4d9b14e7406c9ee9cc13a61dc39655]
	org.netbeans.modules.editor.actions/1 [1.46.0.55 13-00d6d969bf4d9b14e7406c9ee9cc13a61dc39655]
	org.netbeans.modules.project.indexingbridge [1.32 13-00d6d969bf4d9b14e7406c9ee9cc13a61dc39655]
	org.netbeans.modules.parsing.indexing [9.24.0.1.3.8 1 13-00d6d969bf4d9b14e7406c9ee9cc13a61dc39655]
	org.netbeans.modules.diff/1 [1.66.0.42.1 42 13-00d6d969bf4d9b14e7406c9ee9cc13a61dc39655]
	org.netbeans.modules.refactoring.api [1.62.0.1 1 13-00d6d969bf4d9b14e7406c9ee9cc13a61dc39655]
	org.netbeans.modules.csl.types/1 [1.15 13-00d6d969bf4d9b14e7406c9ee9cc13a61dc39655]
	org.netbeans.core.ui/1 [1.60 13-00d6d969bf4d9b14e7406c9ee9cc13a61dc39655]
	org.netbeans.api.search [1.36 13-00d6d969bf4d9b14e7406c9ee9cc13a61dc39655]
	org.netbeans.modules.jumpto/1 [1.70.0.1 1 13-00d6d969bf4d9b14e7406c9ee9cc13a61dc39655]
	org.netbeans.modules.csl.api/2 [2.72.0.2.1.1.8.1 2 13-00d6d969bf4d9b14e7406c9ee9cc13a61dc39655]
	org.netbeans.modules.editor.structure/1 [1.62.0.1 1 13-00d6d969bf4d9b14e7406c9ee9cc13a61dc39655]
	org.netbeans.modules.xml.lexer [1.45 13-00d6d969bf4d9b14e7406c9ee9cc13a61dc39655]
	org.netbeans.modules.xml.text/2 [1.74.0.1 1 13-00d6d969bf4d9b14e7406c9ee9cc13a61dc39655]
	org.netbeans.modules.xml [1.48 13-00d6d969bf4d9b14e7406c9ee9cc13a61dc39655]
	org.netbeans.modules.servletapi/1 [1.54 13-00d6d969bf4d9b14e7406c9ee9cc13a61dc39655]
	org.netbeans.modules.httpserver/2 [2.51.0.42 42 13-00d6d969bf4d9b14e7406c9ee9cc13a61dc39655]
	org.netbeans.modules.xsl/1 [1.59 13-00d6d969bf4d9b14e7406c9ee9cc13a61dc39655]
	org.netbeans.modules.xml.xdm/1 [1.49.0.1 1 13-00d6d969bf4d9b14e7406c9ee9cc13a61dc39655]
	org.netbeans.libs.xerces/1 [1.53.0.281 281 13-00d6d969bf4d9b14e7406c9ee9cc13a61dc39655]
	org.netbeans.modules.xml.tax/2 [1.59.0.281 13-00d6d969bf4d9b14e7406c9ee9cc13a61dc39655]
	org.netbeans.modules.xml.tools/2 [1.58 13-00d6d969bf4d9b14e7406c9ee9cc13a61dc39655]
	org.netbeans.modules.xml.schema.completion [1.46 13-00d6d969bf4d9b14e7406c9ee9cc13a61dc39655]
	org.netbeans.modules.xml.catalog/2 [3.19.0.4 4 13-00d6d969bf4d9b14e7406c9ee9cc13a61dc39655]
	org.netbeans.modules.xml.catalog.ui [2.18.0.4 13-00d6d969bf4d9b14e7406c9ee9cc13a61dc39655]
	org.netbeans.core.execution/1 [1.57 13-00d6d969bf4d9b14e7406c9ee9cc13a61dc39655]
	org.netbeans.modules.sendopts/2 [2.51 13-00d6d969bf4d9b14e7406c9ee9cc13a61dc39655]
	org.netbeans.modules.favorites/1 [1.61 13-00d6d969bf4d9b14e7406c9ee9cc13a61dc39655]
	org.netbeans.modules.projectui [1.74.0.8.9 13-00d6d969bf4d9b14e7406c9ee9cc13a61dc39655]
	org.netbeans.modules.welcome/1 [1.57 13-00d6d969bf4d9b14e7406c9ee9cc13a61dc39655]
	org.netbeans.libs.json_simple/1 [0.27 13-00d6d969bf4d9b14e7406c9ee9cc13a61dc39655]
	org.netbeans.modules.web.common [1.114 13-00d6d969bf4d9b14e7406c9ee9cc13a61dc39655]
	org.netbeans.modules.web.indent [1.35 13-00d6d969bf4d9b14e7406c9ee9cc13a61dc39655]
	org.netbeans.modules.extexecution.base/2 [1.21 13-00d6d969bf4d9b14e7406c9ee9cc13a61dc39655]
	org.netbeans.modules.extexecution/2 [1.64 13-00d6d969bf4d9b14e7406c9ee9cc13a61dc39655]
	org.netbeans.modules.web.common.ui [1.16 13-00d6d969bf4d9b14e7406c9ee9cc13a61dc39655]
	org.netbeans.modules.gsf.testrunner/2 [2.27 13-00d6d969bf4d9b14e7406c9ee9cc13a61dc39655]
	org.netbeans.modules.gsf.testrunner.ui [1.30.0.1 13-00d6d969bf4d9b14e7406c9ee9cc13a61dc39655]
	org.netbeans.modules.gototest/1 [1.48 13-00d6d969bf4d9b14e7406c9ee9cc13a61dc39655]
	org.netbeans.modules.project.libraries/1 [1.68 13-00d6d969bf4d9b14e7406c9ee9cc13a61dc39655]
	org.netbeans.modules.project.libraries.ui/1 [1.67 13-00d6d969bf4d9b14e7406c9ee9cc13a61dc39655]
	org.netbeans.modules.html.indexing [1.5 13-00d6d969bf4d9b14e7406c9ee9cc13a61dc39655]
	org.netbeans.modules.extbrowser/1 [1.68 13-00d6d969bf4d9b14e7406c9ee9cc13a61dc39655]
	org.netbeans.modules.settings/1 [1.64 13-00d6d969bf4d9b14e7406c9ee9cc13a61dc39655]
	org.netbeans.modules.web.browser.api [1.60 13-00d6d969bf4d9b14e7406c9ee9cc13a61dc39655]
	org.netbeans.modules.gsf.codecoverage [1.47 13-00d6d969bf4d9b14e7406c9ee9cc13a61dc39655]
	org.netbeans.modules.project.spi.intern [1.18 13-00d6d969bf4d9b14e7406c9ee9cc13a61dc39655]
	org.netbeans.modules.project.ant/1 [1.82 13-00d6d969bf4d9b14e7406c9ee9cc13a61dc39655]
	org.netbeans.modules.web.clientproject.api [1.119 13-00d6d969bf4d9b14e7406c9ee9cc13a61dc39655]
	org.netbeans.modules.versioning.core/1 [1.46.0.1.42 1 13-00d6d969bf4d9b14e7406c9ee9cc13a61dc39655]
	org.netbeans.modules.versioning/1 [1.62.0.1 1 13-00d6d969bf4d9b14e7406c9ee9cc13a61dc39655]
	org.netbeans.modules.spellchecker.apimodule [1.40 13-00d6d969bf4d9b14e7406c9ee9cc13a61dc39655]
	org.netbeans.modules.versioning.util [1.85.0.42.1 13-00d6d969bf4d9b14e7406c9ee9cc13a61dc39655]
	org.netbeans.modules.team.commons [1.65 13-00d6d969bf4d9b14e7406c9ee9cc13a61dc39655]
	org.netbeans.modules.versioning.ui/1 [1.37.0.42.1 13-00d6d969bf4d9b14e7406c9ee9cc13a61dc39655]
	org.netbeans.modules.autoupdate.services [1.70 13-00d6d969bf4d9b14e7406c9ee9cc13a61dc39655]
	org.netbeans.modules.autoupdate.ui [1.61 13-00d6d969bf4d9b14e7406c9ee9cc13a61dc39655]
	org.netbeans.modules.versioning.system.cvss.installer [1.31 13-00d6d969bf4d9b14e7406c9ee9cc13a61dc39655]
	org.netbeans.modules.masterfs.ui [2.18.0.2 13-00d6d969bf4d9b14e7406c9ee9cc13a61dc39655]
	org.netbeans.modules.versioning.masterfs [1.29 13-00d6d969bf4d9b14e7406c9ee9cc13a61dc39655]
	org.netbeans.modules.versioning.indexingbridge/0 [1.40 13-00d6d969bf4d9b14e7406c9ee9cc13a61dc39655]
	org.netbeans.modules.utilities/1 [1.76 13-00d6d969bf4d9b14e7406c9ee9cc13a61dc39655]
	org.netbeans.modules.utilities.project/1 [1.53 13-00d6d969bf4d9b14e7406c9ee9cc13a61dc39655]
	org.netbeans.modules.javahelp/1 [2.56 13-00d6d969bf4d9b14e7406c9ee9cc13a61dc39655]
	org.netbeans.modules.usersguide/1 [1.63 13-00d6d969bf4d9b14e7406c9ee9cc13a61dc39655]
	org.netbeans.modules.updatecenters/1 [1.55 13-00d6d969bf4d9b14e7406c9ee9cc13a61dc39655]
	org.netbeans.libs.jcodings/1 [0.4 13-00d6d969bf4d9b14e7406c9ee9cc13a61dc39655]
	com.google.gson [2.8.9 2.8.9]
	org.netbeans.modules.textmate.lexer/0 [1.15.0.1 1 13-00d6d969bf4d9b14e7406c9ee9cc13a61dc39655]
	org.netbeans.modules.terminal [1.42 13-00d6d969bf4d9b14e7406c9ee9cc13a61dc39655]
	org.netbeans.lib.terminalemulator [1.52 13-00d6d969bf4d9b14e7406c9ee9cc13a61dc39655]
	org.netbeans.modules.terminal.nb [1.15 13-00d6d969bf4d9b14e7406c9ee9cc13a61dc39655]
	org.netbeans.modules.templates/1 [1.22 13-00d6d969bf4d9b14e7406c9ee9cc13a61dc39655]
	org.netbeans.modules.team.ide [1.28 13-00d6d969bf4d9b14e7406c9ee9cc13a61dc39655]
	org.netbeans.modules.tasklist.ui/1 [1.46.0.1.1 1 13-00d6d969bf4d9b14e7406c9ee9cc13a61dc39655]
	org.netbeans.modules.tasklist.todo/1 [1.46.0.1 1 13-00d6d969bf4d9b14e7406c9ee9cc13a61dc39655]
	org.netbeans.modules.tasklist.projectint/1 [1.44 13-00d6d969bf4d9b14e7406c9ee9cc13a61dc39655]
	org.netbeans.modules.tasklist.kit [1.43 13-00d6d969bf4d9b14e7406c9ee9cc13a61dc39655]
	org.netbeans.libs.ini4j/1 [1.49 13-00d6d969bf4d9b14e7406c9ee9cc13a61dc39655]
	org.netbeans.libs.svnClientAdapter/1 [1.55 13-00d6d969bf4d9b14e7406c9ee9cc13a61dc39655]
	org.netbeans.modules.subversion [1.56.0.42.1 13-00d6d969bf4d9b14e7406c9ee9cc13a61dc39655]
	org.netbeans.modules.editor.plain.lib/1 [1.48 13-00d6d969bf4d9b14e7406c9ee9cc13a61dc39655]
	org.netbeans.modules.spellchecker [1.50.0.1.8 1 13-00d6d969bf4d9b14e7406c9ee9cc13a61dc39655]
	org.netbeans.modules.spellchecker.kit [1.40 13-00d6d969bf4d9b14e7406c9ee9cc13a61dc39655]
	org.netbeans.modules.spellchecker.dictionary_en [1.37 13-00d6d969bf4d9b14e7406c9ee9cc13a61dc39655]
	org.netbeans.modules.properties/1 [1.70 13-00d6d969bf4d9b14e7406c9ee9cc13a61dc39655]
	org.netbeans.modules.properties.syntax/1 [1.65 13-00d6d969bf4d9b14e7406c9ee9cc13a61dc39655]
	org.netbeans.modules.spellchecker.bindings.properties [1.37 13-00d6d969bf4d9b14e7406c9ee9cc13a61dc39655]
	org.netbeans.modules.html.lexer/1 [1.53 13-00d6d969bf4d9b14e7406c9ee9cc13a61dc39655]
	org.netbeans.modules.spellchecker.bindings.htmlxml [1.42 13-00d6d969bf4d9b14e7406c9ee9cc13a61dc39655]
	org.netbeans.core.ide/1 [1.56 13-00d6d969bf4d9b14e7406c9ee9cc13a61dc39655]
	org.netbeans.modules.server/0 [1.48 13-00d6d969bf4d9b14e7406c9ee9cc13a61dc39655]
	org.netbeans.modules.selenium2.server [1.18 13-00d6d969bf4d9b14e7406c9ee9cc13a61dc39655]
	org.netbeans.modules.selenium2 [1.20 13-00d6d969bf4d9b14e7406c9ee9cc13a61dc39655]
	org.netbeans.modules.selenium2.webclient [1.22 13-00d6d969bf4d9b14e7406c9ee9cc13a61dc39655]
	org.netbeans.modules.projectapi.nb [1.19 13-00d6d969bf4d9b14e7406c9ee9cc13a61dc39655]
	org.netbeans.modules.project.spi.intern.impl [1.18 13-00d6d969bf4d9b14e7406c9ee9cc13a61dc39655]
	org.netbeans.modules.project.ant.compat8/1 [1.82 13-00d6d969bf4d9b14e7406c9ee9cc13a61dc39655]
	org.netbeans.modules.progress.ui [1.48 13-00d6d969bf4d9b14e7406c9ee9cc13a61dc39655]
	org.netbeans.modules.print.editor [7.41 13-00d6d969bf4d9b14e7406c9ee9cc13a61dc39655]
	org.netbeans.modules.print [7.41 13-00d6d969bf4d9b14e7406c9ee9cc13a61dc39655]
	org.netbeans.modules.parsing.ui [1.29.0.1 13-00d6d969bf4d9b14e7406c9ee9cc13a61dc39655]
	org.netbeans.modules.parsing.nb [1.19.0.8.1 13-00d6d969bf4d9b14e7406c9ee9cc13a61dc39655]
	org.netbeans.core.windows/2 [2.100 13-00d6d969bf4d9b14e7406c9ee9cc13a61dc39655]
	org.netbeans.modules.notifications [1.23 13-00d6d969bf4d9b14e7406c9ee9cc13a61dc39655]
	org.netbeans.libs.osgi [1.37 13-00d6d969bf4d9b14e7406c9ee9cc13a61dc39655]
	org.netbeans.core.netigso [1.46 13-00d6d969bf4d9b14e7406c9ee9cc13a61dc39655]
	org.netbeans.modules.netbinox [1.56 13-00d6d969bf4d9b14e7406c9ee9cc13a61dc39655]
	org.netbeans.modules.nativeimage.api/0 [0.6 13-00d6d969bf4d9b14e7406c9ee9cc13a61dc39655]
	org.eclipse.mylyn.commons.net [3.17.0 3.17.0.v20150706-2057]
	org.eclipse.mylyn.tasks.core [3.17.0 3.17.0.v20150828-2026]
	org.eclipse.core.jobs [3.5.100 3.5.100.v20110404]
	org.eclipse.mylyn.wikitext.core [2.6.0 2.6.0.v20150901-2143]
	org.netbeans.modules.bugtracking [1.124 13-00d6d969bf4d9b14e7406c9ee9cc13a61dc39655]
	org.eclipse.equinox.common [3.6.0 3.6.0.v20110523]
	org.eclipse.core.runtime [3.7.0 3.7.0.v20110110]
	org.netbeans.modules.mylyn.util [1.51 13-00d6d969bf4d9b14e7406c9ee9cc13a61dc39655]
	org.netbeans.modules.mercurial [1.57.0.42.1 13-00d6d969bf4d9b14e7406c9ee9cc13a61dc39655]
	org.netbeans.libs.jna/2 [2.10 13-00d6d969bf4d9b14e7406c9ee9cc13a61dc39655]
	org.netbeans.modules.masterfs.windows [1.31 13-00d6d969bf4d9b14e7406c9ee9cc13a61dc39655]
	org.netbeans.modules.masterfs.nio2 [1.30 13-00d6d969bf4d9b14e7406c9ee9cc13a61dc39655]
	org.netbeans.modules.markdown [1.3 13-00d6d969bf4d9b14e7406c9ee9cc13a61dc39655]
	org.netbeans.libs.flexmark [1.8 13-00d6d969bf4d9b14e7406c9ee9cc13a61dc39655]
	com.google.guava [27.0.0 27.0.0.jre]
	org.netbeans.modules.lsp.client/0 [1.14.0.1.1 1 13-00d6d969bf4d9b14e7406c9ee9cc13a61dc39655]
	org.netbeans.modules.bugtracking.commons [1.23 13-00d6d969bf4d9b14e7406c9ee9cc13a61dc39655]
	org.netbeans.modules.localtasks [1.40 13-00d6d969bf4d9b14e7406c9ee9cc13a61dc39655]
	org.netbeans.modules.localhistory [1.49 13-00d6d969bf4d9b14e7406c9ee9cc13a61dc39655]
	org.netbeans.modules.lexer.nbbridge/1 [1.47.0.1 13-00d6d969bf4d9b14e7406c9ee9cc13a61dc39655]
	org.netbeans.libs.snakeyaml_engine/2 [2.4 13-00d6d969bf4d9b14e7406c9ee9cc13a61dc39655]
	org.netbeans.modules.languages.yaml [2.47 13-00d6d969bf4d9b14e7406c9ee9cc13a61dc39655]
	org.netbeans.modules.languages.manifest [1.47 13-00d6d969bf4d9b14e7406c9ee9cc13a61dc39655]
	org.netbeans.modules.languages.diff [1.48 13-00d6d969bf4d9b14e7406c9ee9cc13a61dc39655]
	org.netbeans.modules.keyring.fallback [1.23 13-00d6d969bf4d9b14e7406c9ee9cc13a61dc39655]
	org.netbeans.modules.keyring.impl [1.39 13-00d6d969bf4d9b14e7406c9ee9cc13a61dc39655]
	org.netbeans.modules.javascript2.debug/1 [1.33 13-00d6d969bf4d9b14e7406c9ee9cc13a61dc39655]
	org.netbeans.modules.javascript2.debug.ui/1 [1.18 13-00d6d969bf4d9b14e7406c9ee9cc13a61dc39655]
	org.netbeans.lib.v8debug/1 [1.31 13-00d6d969bf4d9b14e7406c9ee9cc13a61dc39655]
	org.netbeans.modules.javascript.v8debug/1 [1.25.0.1 1 13-00d6d969bf4d9b14e7406c9ee9cc13a61dc39655]
	org.netbeans.modules.javascript.v8debug.ui/1 [1.14.0.1 13-00d6d969bf4d9b14e7406c9ee9cc13a61dc39655]
	org.netbeans.modules.janitor [1.8 13-00d6d969bf4d9b14e7406c9ee9cc13a61dc39655]
	org.netbeans.modules.image/1 [1.63 13-00d6d969bf4d9b14e7406c9ee9cc13a61dc39655]
	org.netbeans.core.multitabs/1 [1.27.0.1 1 13-00d6d969bf4d9b14e7406c9ee9cc13a61dc39655]
	org.netbeans.modules.editor.bookmarks/1 [1.52 13-00d6d969bf4d9b14e7406c9ee9cc13a61dc39655]
	com.jcraft.jsch [0.1.55 0.1.55]
	org.netbeans.modules.dlight.nativeexecution [1.54.0.1 1 13-00d6d969bf4d9b14e7406c9ee9cc13a61dc39655]
	org.netbeans.modules.dlight.terminal [1.38.0.1 1 13-00d6d969bf4d9b14e7406c9ee9cc13a61dc39655]
	org.netbeans.core.multitabs.project [1.25.0.1.1 1 13-00d6d969bf4d9b14e7406c9ee9cc13a61dc39655]
	org.netbeans.modules.editor.search [1.40.0.0.55 0 13-00d6d969bf4d9b14e7406c9ee9cc13a61dc39655]
	org.netbeans.modules.html.editor.lib/3 [3.47 13-00d6d969bf4d9b14e7406c9ee9cc13a61dc39655]
	org.apache.commons.logging [1.2 1.2]
	org.netbeans.modules.html.parser/1 [1.49.0.1 1 13-00d6d969bf4d9b14e7406c9ee9cc13a61dc39655]
	org.netbeans.modules.html.validation/1 [1.46 13-00d6d969bf4d9b14e7406c9ee9cc13a61dc39655]
	org.netbeans.libs.antlr3.runtime [1.36.0.1 1 13-00d6d969bf4d9b14e7406c9ee9cc13a61dc39655]
	org.netbeans.modules.css.lib/1 [1.98 13-00d6d969bf4d9b14e7406c9ee9cc13a61dc39655]
	org.netbeans.modules.css.model [1.46 13-00d6d969bf4d9b14e7406c9ee9cc13a61dc39655]
	org.netbeans.modules.css.editor/1 [1.83 13-00d6d969bf4d9b14e7406c9ee9cc13a61dc39655]
	org.netbeans.modules.html/1 [1.76 13-00d6d969bf4d9b14e7406c9ee9cc13a61dc39655]
	org.netbeans.modules.html.editor/2 [2.71 13-00d6d969bf4d9b14e7406c9ee9cc13a61dc39655]
	org.netbeans.core.output2/1 [1.57 13-00d6d969bf4d9b14e7406c9ee9cc13a61dc39655]
	org.netbeans.modules.css.visual/3 [3.47 13-00d6d969bf4d9b14e7406c9ee9cc13a61dc39655]
	org.netbeans.modules.editor.autosave/1 [1.6 13-00d6d969bf4d9b14e7406c9ee9cc13a61dc39655]
	org.netbeans.modules.editor.kit [1.48 13-00d6d969bf4d9b14e7406c9ee9cc13a61dc39655]
	org.netbeans.modules.autoupdate.cli [1.29 13-00d6d969bf4d9b14e7406c9ee9cc13a61dc39655]
	org.netbeans.libs.felix [2.30 13-00d6d969bf4d9b14e7406c9ee9cc13a61dc39655]
	org.netbeans.modules.core.kit [1.46 13-00d6d969bf4d9b14e7406c9ee9cc13a61dc39655]
	org.netbeans.modules.defaults/1 [1.46 13-00d6d969bf4d9b14e7406c9ee9cc13a61dc39655]
	org.netbeans.modules.editor.macros/0 [1.46.0.1.23 1 13-00d6d969bf4d9b14e7406c9ee9cc13a61dc39655]
	org.netbeans.modules.editor.plain/2 [1.50 13-00d6d969bf4d9b14e7406c9ee9cc13a61dc39655]
	org.netbeans.modules.ide.kit [1.48 13-00d6d969bf4d9b14e7406c9ee9cc13a61dc39655]
	org.netbeans.modules.ide.ergonomics [1.42 13-00d6d969bf4d9b14e7406c9ee9cc13a61dc39655]
	org.netbeans.modules.autoupdate.pluginimporter [1.35 13-00d6d969bf4d9b14e7406c9ee9cc13a61dc39655]
	org.netbeans.modules.deadlock.detector [1.21 13-00d6d969bf4d9b14e7406c9ee9cc13a61dc39655]
	org.netbeans.modules.ide.branding/1 [1.47 13-00d6d969bf4d9b14e7406c9ee9cc13a61dc39655]
	org.netbeans.modules.ide.branding.kit [1.43 13-00d6d969bf4d9b14e7406c9ee9cc13a61dc39655]
	org.netbeans.libs.commons_net/2 [2.37.0.36 36 13-00d6d969bf4d9b14e7406c9ee9cc13a61dc39655]
	org.netbeans.modules.hudson [2.28 13-00d6d969bf4d9b14e7406c9ee9cc13a61dc39655]
	org.netbeans.modules.hudson.ui [1.26 13-00d6d969bf4d9b14e7406c9ee9cc13a61dc39655]
	org.netbeans.modules.hudson.tasklist [1.32 13-00d6d969bf4d9b14e7406c9ee9cc13a61dc39655]
	org.netbeans.modules.hudson.subversion [1.44 13-00d6d969bf4d9b14e7406c9ee9cc13a61dc39655]
	org.netbeans.modules.hudson.mercurial [1.44 13-00d6d969bf4d9b14e7406c9ee9cc13a61dc39655]
	org.netbeans.modules.hudson.git [1.33 13-00d6d969bf4d9b14e7406c9ee9cc13a61dc39655]
	org.netbeans.modules.html.custom [1.21 13-00d6d969bf4d9b14e7406c9ee9cc13a61dc39655]
	org.eclipse.jgit [5.7.0 5.7.0.202003110725-r]
	org.netbeans.libs.jna.platform/2 [2.10 13-00d6d969bf4d9b14e7406c9ee9cc13a61dc39655]
	org.netbeans.libs.jsch.agentproxy/1 [0.29 13-00d6d969bf4d9b14e7406c9ee9cc13a61dc39655]
	org.netbeans.libs.git/1 [1.48 13-00d6d969bf4d9b14e7406c9ee9cc13a61dc39655]
	org.netbeans.modules.git [1.37.0.1 13-00d6d969bf4d9b14e7406c9ee9cc13a61dc39655]
	org.netbeans.modules.extexecution.process.jdk9 [1.15 13-00d6d969bf4d9b14e7406c9ee9cc13a61dc39655]
	org.netbeans.modules.extexecution.process [1.42 13-00d6d969bf4d9b14e7406c9ee9cc13a61dc39655]
	org.netbeans.modules.extexecution.impl [1.40 13-00d6d969bf4d9b14e7406c9ee9cc13a61dc39655]
	org.netbeans.modules.editor.mimelookup.impl/1 [1.47 13-00d6d969bf4d9b14e7406c9ee9cc13a61dc39655]
	org.netbeans.modules.editor.indent.project/0 [1.37 13-00d6d969bf4d9b14e7406c9ee9cc13a61dc39655]
	org.netbeans.modules.editor.global.format/1 [1.30.0.1 1 13-00d6d969bf4d9b14e7406c9ee9cc13a61dc39655]
	org.netbeans.libs.commons_compress/0 [0.21.0.181 181 13-00d6d969bf4d9b14e7406c9ee9cc13a61dc39655]
	libs.c.kohlschutter.junixsocket/1 [2.30 13-00d6d969bf4d9b14e7406c9ee9cc13a61dc39655]
	org.netbeans.modules.docker.api/0 [1.35 13-00d6d969bf4d9b14e7406c9ee9cc13a61dc39655]
	org.netbeans.modules.docker.ui/0 [1.15 13-00d6d969bf4d9b14e7406c9ee9cc13a61dc39655]
	org.netbeans.modules.docker.editor/0 [1.15 13-00d6d969bf4d9b14e7406c9ee9cc13a61dc39655]
	org.netbeans.modules.dlight.nativeexecution.nb [1.15 13-00d6d969bf4d9b14e7406c9ee9cc13a61dc39655]
	org.netbeans.modules.db.metadata.model/1 [1.26 13-00d6d969bf4d9b14e7406c9ee9cc13a61dc39655]
	org.netbeans.modules.db/1 [1.84.0.30 30 13-00d6d969bf4d9b14e7406c9ee9cc13a61dc39655]
	org.netbeans.modules.dbapi [1.49.0.30 13-00d6d969bf4d9b14e7406c9ee9cc13a61dc39655]
	org.netbeans.modules.derby [1.55 13-00d6d969bf4d9b14e7406c9ee9cc13a61dc39655]
	org.netbeans.api.visual [2.63 13-00d6d969bf4d9b14e7406c9ee9cc13a61dc39655]
	org.netbeans.modules.db.sql.visualeditor/1 [2.47.0.30 13-00d6d969bf4d9b14e7406c9ee9cc13a61dc39655]
	org.netbeans.modules.db.dataview [1.48 13-00d6d969bf4d9b14e7406c9ee9cc13a61dc39655]
	org.netbeans.modules.db.core [1.52 13-00d6d969bf4d9b14e7406c9ee9cc13a61dc39655]
	org.netbeans.modules.db.sql.editor [1.51.0.30 13-00d6d969bf4d9b14e7406c9ee9cc13a61dc39655]
	org.netbeans.modules.db.mysql [0.43.0.2 2 13-00d6d969bf4d9b14e7406c9ee9cc13a61dc39655]
	org.netbeans.modules.db.drivers [1.45 13-00d6d969bf4d9b14e7406c9ee9cc13a61dc39655]
	org.netbeans.modules.db.kit [1.45 13-00d6d969bf4d9b14e7406c9ee9cc13a61dc39655]
	org.netbeans.modules.css.prep [1.45 13-00d6d969bf4d9b14e7406c9ee9cc13a61dc39655]
	org.eclipse.mylyn.bugzilla.core [3.17.0 3.17.0.v20150828-2026]
	org.apache.commons.httpclient [3.1.0 3.1.0]
	org.netbeans.modules.bugzilla [1.92 13-00d6d969bf4d9b14e7406c9ee9cc13a61dc39655]
	org.netbeans.modules.bugtracking.bridge [1.60 13-00d6d969bf4d9b14e7406c9ee9cc13a61dc39655]
	org.netbeans.libs.graalsdk [1.15 13-00d6d969bf4d9b14e7406c9ee9cc13a61dc39655]
	org.netbeans.libs.truffleapi [1.15 13-00d6d969bf4d9b14e7406c9ee9cc13a61dc39655]
	org.netbeans.libs.svnClientAdapter.javahl/1 [1.39 13-00d6d969bf4d9b14e7406c9ee9cc13a61dc39655]
	org.netbeans.libs.graaljs/2 [1.15 13-00d6d969bf4d9b14e7406c9ee9cc13a61dc39655]
	org.netbeans.libs.freemarker/1 [2.49.0.239 239 13-00d6d969bf4d9b14e7406c9ee9cc13a61dc39655]
	org.netbeans.core.network [1.27 13-00d6d969bf4d9b14e7406c9ee9cc13a61dc39655]
	org.netbeans.core.nativeaccess/1 [1.46 13-00d6d969bf4d9b14e7406c9ee9cc13a61dc39655]
	org.netbeans.core.io.ui/1 [1.45 13-00d6d969bf4d9b14e7406c9ee9cc13a61dc39655]
	org.netbeans.core.browser/1 [1.43.0.1 1 13-00d6d969bf4d9b14e7406c9ee9cc13a61dc39655]
	org.netbeans.api.progress.compat8 [1.62 13-00d6d969bf4d9b14e7406c9ee9cc13a61dc39655]
	org.eclipse.mylyn.commons.xmlrpc [3.17.0 3.17.0.v20150625-2042]
	org.eclipse.mylyn.commons.repositories.core [1.9.0 1.9.0.v20150625-2042]
	org.eclipse.mylyn.commons.core [3.17.0 3.17.0.v20150625-2042]
	org.eclipse.equinox.security [1.1.1 1.1.1.R37x_v20110822-1018]
	org.eclipse.equinox.registry [3.5.200 3.5.200.v20120522-1841]
	org.eclipse.equinox.preferences [3.4.2 3.4.2.v20120111-2020]
	org.eclipse.equinox.app [1.3.100 1.3.100.v20110321]
	org.eclipse.core.runtime.compatibility.auth [3.2.200 3.2.200.v20110110]
	org.eclipse.core.net [1.2.100 1.2.100.I20110511-0800]
	org.eclipse.core.contenttype [3.4.100 3.4.100.v20110423-0524]
	org.apache.xmlrpc [3.1.3 3.1.3]
	org.apache.ws.commons.util [1.0.1 1.0.1]
	org.apache.commons.lang [2.6 2.6]
	org.apache.commons.codec [1.15.0 1.15.0]
	io.github.chris2011.netbeans.plugins.breadcrumbexplorer.breadcrumb.explorer [1.0.0 1.0.0 202306262020]
	com.jcraft.jzlib [1.1.3 1.1.3]
	com.googlecode.javaewah.JavaEWAH [1.1.6 1.1.6]
	bcprov [1.68 1.68]
	bcpg [1.64 1.64]
INFO [org.netbeans.core.netigso.Netigso]: bundle org.apache.commons.lang3@3.8.1 resolved
INFO [org.netbeans.core.netigso.Netigso]: bundle org.apache.commons.io@2.6.0 resolved
INFO [org.netbeans.core.netigso.Netigso]: bundle bcpkix@1.68.0 resolved
INFO [org.netbeans.core.netigso.Netigso]: bundle org.eclipse.mylyn.wikitext.confluence.core@2.6.0.v20150901-2143 resolved
INFO [org.netbeans.core.netigso.Netigso]: bundle org.eclipse.mylyn.wikitext.textile.core@2.6.0.v20150901-2143 resolved
INFO [org.netbeans.core.netigso.Netigso]: bundle org.eclipse.mylyn.wikitext.markdown.core@2.6.0.v20150901-2143 resolved
INFO [org.netbeans.core.netigso.Netigso]: bundle net.java.html.json@1.7.3 resolved
INFO [org.netbeans.core.netigso.Netigso]: bundle org.netbeans.html.ko4j@1.7.3 resolved
INFO [org.netbeans.core.netigso.Netigso]: bundle net.java.html@1.7.3 resolved
INFO [org.netbeans.core.netigso.Netigso]: bundle net.java.html.boot.fx@1.7.3 resolved
INFO [org.netbeans.core.netigso.Netigso]: bundle net.java.html.boot@1.7.3 resolved
INFO [org.netbeans.core.netigso.Netigso]: bundle org.netbeans.html.presenters.spi@1.7.3 resolved
INFO [org.netbeans.core.netigso.Netigso]: bundle net.java.html.geo@1.7.3 resolved
INFO [org.netbeans.core.netigso.Netigso]: bundle org.netbeans.html.xhr4j@1.7.3 resolved
INFO [org.netbeans.core.netigso.Netigso]: bundle net.java.html.boot.script@1.7.3 resolved
INFO [org.netbeans.core.netigso.Netigso]: bundle net.java.html.sound@1.7.3 resolved
INFO [org.netbeans.core.netigso.Netigso]: bundle org.eclipse.osgi@3.9.1.v20140110-1610 started
INFO [org.netbeans.core.network.proxy.NetworkProxyReloader]: System network proxy resolver: Windows
INFO [org.netbeans.core.network.proxy.windows.WindowsNetworkProxy]: Windows system proxy resolver: auto detect
INFO [org.netbeans.core.network.proxy.NetworkProxyReloader]: System network proxy reloading succeeded.
INFO [org.netbeans.core.network.proxy.NetworkProxyReloader]: System network proxy - mode: direct
INFO [org.netbeans.core.network.proxy.NetworkProxyReloader]: System network proxy: fell to default (correct if direct mode went before)
INFO [org.openide.awt.Toolbar]: Too long AWTTask: 953 ms for org.openide.awt.MenuBar$MenuBarFolder@7f3a8b52(FolderList{MultiFileObject@29f7e7e4[Menu]})
WARNING [org.openide.filesystems.Ordering]: Not all children in Toolbars/ marked with the position attribute: [Breadcrumb Explorer], but some are: [File, Git, Standard.xml, Debugging.xml]
INFO [org.netbeans.ui.metrics.laf]: USG_LOOK_AND_FEEL
Diagnostic information
Input arguments:
	-Dnetbeans.importclass=org.netbeans.upgrade.AutoUpgrade
	-XX:+UseStringDeduplication
	-Xss2m
	-Dapple.laf.useScreenMenuBar=true
	-Dapple.awt.graphics.UseQuartz=true
	-Dsun.java2d.noddraw=true
	-Dsun.java2d.dpiaware=true
	-Dsun.zip.disableMemoryMapping=true
	-Dplugin.manager.check.updates=false
	-Dnetbeans.extbrowser.manual_chrome_plugin_install=yes
	--add-opens=java.base/java.net=ALL-UNNAMED
	--add-opens=java.base/java.lang.ref=ALL-UNNAMED
	--add-opens=java.base/java.lang=ALL-UNNAMED
	--add-opens=java.base/java.security=ALL-UNNAMED
	--add-opens=java.base/java.util=ALL-UNNAMED
	--add-opens=java.desktop/javax.swing.plaf.basic=ALL-UNNAMED
	--add-opens=java.desktop/javax.swing.text=ALL-UNNAMED
	--add-opens=java.desktop/javax.swing=ALL-UNNAMED
	--add-opens=java.desktop/java.awt=ALL-UNNAMED
	--add-opens=java.desktop/java.awt.event=ALL-UNNAMED
	--add-opens=java.prefs/java.util.prefs=ALL-UNNAMED
	--add-opens=jdk.jshell/jdk.jshell=ALL-UNNAMED
	--add-modules=jdk.jshell
	--add-exports=java.desktop/sun.awt=ALL-UNNAMED
	--add-exports=java.desktop/java.awt.peer=ALL-UNNAMED
	--add-exports=java.desktop/com.sun.beans.editors=ALL-UNNAMED
	--add-exports=java.desktop/sun.swing=ALL-UNNAMED
	--add-exports=java.desktop/sun.awt.im=ALL-UNNAMED
	--add-exports=java.desktop/com.sun.java.swing.plaf.motif=ALL-UNNAMED
	--add-exports=jdk.internal.jvmstat/sun.jvmstat.monitor=ALL-UNNAMED
	--add-exports=java.management/sun.management=ALL-UNNAMED
	--add-exports=java.base/sun.reflect.annotation=ALL-UNNAMED
	--add-exports=jdk.compiler/com.sun.tools.javac.api=ALL-UNNAMED
	--add-exports=jdk.compiler/com.sun.tools.javac.code=ALL-UNNAMED
	--add-exports=jdk.compiler/com.sun.tools.javac.comp=ALL-UNNAMED
	--add-exports=jdk.compiler/com.sun.tools.javac.file=ALL-UNNAMED
	--add-exports=jdk.compiler/com.sun.tools.javac.jvm=ALL-UNNAMED
	--add-exports=jdk.compiler/com.sun.tools.javac.main=ALL-UNNAMED
	--add-exports=jdk.compiler/com.sun.tools.javac.model=ALL-UNNAMED
	--add-exports=jdk.compiler/com.sun.tools.javac.parser=ALL-UNNAMED
	--add-exports=jdk.compiler/com.sun.tools.javac.processing=ALL-UNNAMED
	--add-exports=jdk.compiler/com.sun.tools.javac.tree=ALL-UNNAMED
	--add-exports=jdk.compiler/com.sun.tools.javac.util=ALL-UNNAMED
	--add-opens=jdk.compiler/com.sun.tools.javac.api=ALL-UNNAMED
	--add-opens=jdk.compiler/com.sun.tools.javac.code=ALL-UNNAMED
	--add-opens=jdk.compiler/com.sun.tools.javac.comp=ALL-UNNAMED
	--add-opens=jdk.compiler/com.sun.tools.javac.file=ALL-UNNAMED
	--add-opens=jdk.compiler/com.sun.tools.javac.jvm=ALL-UNNAMED
	--add-opens=jdk.compiler/com.sun.tools.javac.main=ALL-UNNAMED
	--add-opens=jdk.compiler/com.sun.tools.javac.model=ALL-UNNAMED
	--add-opens=jdk.compiler/com.sun.tools.javac.parser=ALL-UNNAMED
	--add-opens=jdk.compiler/com.sun.tools.javac.processing=ALL-UNNAMED
	--add-opens=jdk.compiler/com.sun.tools.javac.tree=ALL-UNNAMED
	--add-opens=jdk.compiler/com.sun.tools.javac.util=ALL-UNNAMED
	--add-exports=jdk.jdeps/com.sun.tools.classfile=ALL-UNNAMED
	--add-exports=jdk.jdeps/com.sun.tools.javap=ALL-UNNAMED
	--add-opens=java.desktop/sun.awt.X11=ALL-UNNAMED
	--add-opens=java.desktop/javax.swing.plaf.synth=ALL-UNNAMED
	--add-opens=java.desktop/com.sun.java.swing.plaf.gtk=ALL-UNNAMED
	--add-opens=java.desktop/sun.awt.shell=ALL-UNNAMED
	--add-opens=java.desktop/sun.awt.im=ALL-UNNAMED
	--add-opens=java.base/java.nio=ALL-UNNAMED
	-XX:+IgnoreUnrecognizedVMOptions
	-Dnetbeans.logger.console=true
	-ea
	-Djdk.home=C:\Program Files\Java\jdk-14.0.1
	-Dnetbeans.home=C:\Users\Chris\Downloads\Netbeans Versions\netbeans 13.0\platform
	-Dnetbeans.user=C:\Projekte\Netbeans Plugins\breadcrumb-explorer\target\userdir
	-Dnetbeans.default_userdir_root=C:\Users\Chris\AppData\Roaming\NetBeans
	-XX:+HeapDumpOnOutOfMemoryError
	-XX:HeapDumpPath=C:\Projekte\Netbeans Plugins\breadcrumb-explorer\target\userdir\var\log\heapdump.hprof
	-Dsun.awt.keepWorkingSetOnMinimize=true
	-Djava.security.manager=allow
	-Dnetbeans.dirs=C:\Users\Chris\Downloads\Netbeans Versions\netbeans 13.0\nb;C:\Users\Chris\Downloads\Netbeans Versions\netbeans 13.0\ergonomics;C:\Users\Chris\Downloads\Netbeans Versions\netbeans 13.0\ide;C:\Users\Chris\Downloads\Netbeans Versions\netbeans 13.0\extide;C:\Users\Chris\Downloads\Netbeans Versions\netbeans 13.0\java;C:\Users\Chris\Downloads\Netbeans Versions\netbeans 13.0\apisupport;C:\Users\Chris\Downloads\Netbeans Versions\netbeans 13.0\webcommon;C:\Users\Chris\Downloads\Netbeans Versions\netbeans 13.0\websvccommon;C:\Users\Chris\Downloads\Netbeans Versions\netbeans 13.0\enterprise;C:\Users\Chris\Downloads\Netbeans Versions\netbeans 13.0\mobility;C:\Users\Chris\Downloads\Netbeans Versions\netbeans 13.0\profiler;C:\Users\Chris\Downloads\Netbeans Versions\netbeans 13.0\python;C:\Users\Chris\Downloads\Netbeans Versions\netbeans 13.0\php;C:\Users\Chris\Downloads\Netbeans Versions\netbeans 13.0\identity;C:\Users\Chris\Downloads\Netbeans Versions\netbeans 13.0\harness;C:\Users\Chris\Downloads\Netbeans Versions\netbeans 13.0\cnd;C:\Users\Chris\Downloads\Netbeans Versions\netbeans 13.0\cndext;C:\Users\Chris\Downloads\Netbeans Versions\netbeans 13.0\cpplite;C:\Users\Chris\Downloads\Netbeans Versions\netbeans 13.0\dlight;C:\Users\Chris\Downloads\Netbeans Versions\netbeans 13.0\groovy;C:\Users\Chris\Downloads\Netbeans Versions\netbeans 13.0\extra;C:\Users\Chris\Downloads\Netbeans Versions\netbeans 13.0\javacard;C:\Users\Chris\Downloads\Netbeans Versions\netbeans 13.0\javafx;C:\Projekte\Netbeans Plugins\breadcrumb-explorer\target\netbeans_clusters\extra
	exit
Compiler: HotSpot 64-Bit Tiered Compilers
Heap memory usage: initial 250,0MB maximum 3994,0MB
Non heap memory usage: initial 7,3MB maximum -1b
Garbage collector: G1 Young Generation (Collections=12 Total time spent=0s)
Garbage collector: G1 Old Generation (Collections=0 Total time spent=0s)
Classes: loaded=8208 total loaded=8208 unloaded 0
INFO [org.netbeans.core.ui.warmup.DiagnosticTask]: Total memory 16.745.893.888
INFO [null]: Total physical memory 16.745.893.888
WARNING [org.netbeans.modules.project.ui.ProjectsRootNode]: Warning - project HTML5Application failed to supply itself in the lookup of the root node of its own logical view
INFO [org.netbeans.ui.metrics.vcs]: USG_VCS_CLIENT
WARNING [org.openide.filesystems.Ordering]: Not all children in Toolbars/ marked with the position attribute: [Breadcrumb Explorer], but some are: [File, Git, Standard.xml, Debugging.xml]
INFO [org.netbeans.core.startup.NbEvents]: Turning on modules:
	org.netbeans.modules.web.webkit.debugging [1.68 13-00d6d969bf4d9b14e7406c9ee9cc13a61dc39655]
	org.netbeans.modules.web.webkit.tooling [1.25 13-00d6d969bf4d9b14e7406c9ee9cc13a61dc39655]
	org.netbeans.modules.web.javascript.debugger [1.30 13-00d6d969bf4d9b14e7406c9ee9cc13a61dc39655]
	org.netbeans.modules.web.inspect [0.45 13-00d6d969bf4d9b14e7406c9ee9cc13a61dc39655]
	org.netbeans.modules.project.ant.ui/1 [1.80 13-00d6d969bf4d9b14e7406c9ee9cc13a61dc39655]
	org.netbeans.modules.web.clientproject [1.102 13-00d6d969bf4d9b14e7406c9ee9cc13a61dc39655]
	org.netbeans.modules.web.client.samples [1.29 13-00d6d969bf4d9b14e7406c9ee9cc13a61dc39655]
	org.netbeans.modules.javascript.gulp [0.28 13-00d6d969bf4d9b14e7406c9ee9cc13a61dc39655]
	org.netbeans.modules.javascript2.types/1 [1.15 13-00d6d969bf4d9b14e7406c9ee9cc13a61dc39655]
	org.netbeans.libs.antlr4.runtime [1.16.0.1 1 13-00d6d969bf4d9b14e7406c9ee9cc13a61dc39655]
	org.netbeans.modules.javascript2.json [1.18 13-00d6d969bf4d9b14e7406c9ee9cc13a61dc39655]
	org.netbeans.modules.javascript2.lexer/1 [1.21 13-00d6d969bf4d9b14e7406c9ee9cc13a61dc39655]
	org.netbeans.libs.nashorn/1 [1.49 13-00d6d969bf4d9b14e7406c9ee9cc13a61dc39655]
	org.netbeans.modules.javascript2.doc/1 [1.14 13-00d6d969bf4d9b14e7406c9ee9cc13a61dc39655]
	org.netbeans.modules.javascript2.model/1 [1.19 13-00d6d969bf4d9b14e7406c9ee9cc13a61dc39655]
	org.netbeans.modules.javascript2.source.query/0 [0.14 13-00d6d969bf4d9b14e7406c9ee9cc13a61dc39655]
	org.netbeans.modules.javascript.cdnjs/0 [0.22 13-00d6d969bf4d9b14e7406c9ee9cc13a61dc39655]
	org.netbeans.modules.javascript.bower [0.20 13-00d6d969bf4d9b14e7406c9ee9cc13a61dc39655]
	org.netbeans.modules.javascript.karma/0 [0.31 13-00d6d969bf4d9b14e7406c9ee9cc13a61dc39655]
	org.netbeans.modules.javascript2.editor/1 [0.89 13-00d6d969bf4d9b14e7406c9ee9cc13a61dc39655]
	org.netbeans.modules.javascript2.nodejs/0 [0.27 13-00d6d969bf4d9b14e7406c9ee9cc13a61dc39655]
	org.netbeans.modules.javascript.nodejs/0 [0.44 13-00d6d969bf4d9b14e7406c9ee9cc13a61dc39655]
	org.netbeans.modules.netserver [1.28 13-00d6d969bf4d9b14e7406c9ee9cc13a61dc39655]
	org.netbeans.modules.extbrowser.chrome [1.25 13-00d6d969bf4d9b14e7406c9ee9cc13a61dc39655]
	org.netbeans.modules.javascript.grunt [0.29 13-00d6d969bf4d9b14e7406c9ee9cc13a61dc39655]
	org.netbeans.libs.jstestdriver [1.25 13-00d6d969bf4d9b14e7406c9ee9cc13a61dc39655]
	org.netbeans.modules.javascript.jstestdriver [0.27 13-00d6d969bf4d9b14e7406c9ee9cc13a61dc39655]
	org.netbeans.modules.web.client.kit [1.31 13-00d6d969bf4d9b14e7406c9ee9cc13a61dc39655]
	org.netbeans.modules.typescript.editor [1.8 13-00d6d969bf4d9b14e7406c9ee9cc13a61dc39655]
	org.netbeans.modules.selenium2.webclient.protractor [1.18 13-00d6d969bf4d9b14e7406c9ee9cc13a61dc39655]
	org.netbeans.modules.selenium2.webclient.mocha [1.21 13-00d6d969bf4d9b14e7406c9ee9cc13a61dc39655]
	org.netbeans.modules.options.java [1.29 13-00d6d969bf4d9b14e7406c9ee9cc13a61dc39655]
	org.netbeans.modules.languages.ini [1.40 13-00d6d969bf4d9b14e7406c9ee9cc13a61dc39655]
	org.netbeans.modules.languages.apacheconf [1.31 13-00d6d969bf4d9b14e7406c9ee9cc13a61dc39655]
	org.netbeans.modules.javascript2.sdoc [1.13 13-00d6d969bf4d9b14e7406c9ee9cc13a61dc39655]
	org.netbeans.modules.javascript2.requirejs [0.22 13-00d6d969bf4d9b14e7406c9ee9cc13a61dc39655]
	org.netbeans.modules.javascript2.react [0.14 13-00d6d969bf4d9b14e7406c9ee9cc13a61dc39655]
	org.netbeans.modules.javascript2.prototypejs [0.20 13-00d6d969bf4d9b14e7406c9ee9cc13a61dc39655]
	org.netbeans.modules.javascript2.knockout [1.25 13-00d6d969bf4d9b14e7406c9ee9cc13a61dc39655]
	org.netbeans.modules.javascript2.jsdoc [1.13 13-00d6d969bf4d9b14e7406c9ee9cc13a61dc39655]
	org.netbeans.modules.javascript2.extjs [1.24 13-00d6d969bf4d9b14e7406c9ee9cc13a61dc39655]
	org.netbeans.modules.javascript2.jquery [1.24 13-00d6d969bf4d9b14e7406c9ee9cc13a61dc39655]
	org.netbeans.modules.javascript2.extdoc [1.13 13-00d6d969bf4d9b14e7406c9ee9cc13a61dc39655]
	org.netbeans.modules.javascript2.jade/1 [0.21 13-00d6d969bf4d9b14e7406c9ee9cc13a61dc39655]
	org.netbeans.modules.javascript2.kit/1 [0.28 13-00d6d969bf4d9b14e7406c9ee9cc13a61dc39655]
	org.netbeans.modules.javascript2.html [1.5 13-00d6d969bf4d9b14e7406c9ee9cc13a61dc39655]
	org.apache.tools.ant.module/3 [3.99.0.2 2 13-00d6d969bf4d9b14e7406c9ee9cc13a61dc39655]
	org.netbeans.modules.java.testrunner.ant [1.17 13-00d6d969bf4d9b14e7406c9ee9cc13a61dc39655]
	org.netbeans.modules.html.angular [1.27 13-00d6d969bf4d9b14e7406c9ee9cc13a61dc39655]
	org.netbeans.modules.cordova.platforms [1.51 13-00d6d969bf4d9b14e7406c9ee9cc13a61dc39655]
	org.netbeans.modules.cordova.platforms.android [1.41 13-00d6d969bf4d9b14e7406c9ee9cc13a61dc39655]
	org.netbeans.modules.cordova [1.48 13-00d6d969bf4d9b14e7406c9ee9cc13a61dc39655]
	org.netbeans.modules.ant.grammar/1 [1.59 13-00d6d969bf4d9b14e7406c9ee9cc13a61dc39655]
WARNING [org.openide.filesystems.Ordering]: Not all children in Toolbars/ marked with the position attribute: [Breadcrumb Explorer], but some are: [File, Git, Standard.xml, Debugging.xml]
WARNING [org.openide.filesystems.Ordering]: Not all children in Toolbars/ marked with the position attribute: [Breadcrumb Explorer], but some are: [File, Clipboard, UndoRedo, Build, Debug, Memory, Git, Standard.xml, Debugging.xml]
WARNING [null]: Last record repeated again.
INFO [org.netbeans.modules.extbrowser]
org.netbeans.modules.extbrowser.NbBrowserException: Browser not found.
	at org.netbeans.modules.extbrowser.NbDdeBrowserImpl.getDefaultOpenCommand(Native Method)
[catch] at org.netbeans.modules.extbrowser.NbDdeBrowserImpl.realDDEServer(NbDdeBrowserImpl.java:214)
	at org.netbeans.modules.extbrowser.NbDdeBrowserImpl.detectPrivateBrowserFamilyId(NbDdeBrowserImpl.java:193)
	at org.netbeans.modules.extbrowser.SystemDefaultBrowser$1.run(SystemDefaultBrowser.java:187)
	at org.openide.util.RequestProcessor$Task.run(RequestProcessor.java:1418)
	at org.netbeans.modules.openide.util.GlobalLookup.execute(GlobalLookup.java:45)
	at org.openide.util.lookup.Lookups.executeWith(Lookups.java:278)
	at org.openide.util.RequestProcessor$Processor.run(RequestProcessor.java:2033)
INFO [org.netbeans.ui.metrics.web.clientproject]: HTML5 project was opened [browser ID: Chrome.INTEGRATED, tests: NO, cordova: NO, Gruntfile.js: YES, bower.json: YES, package.json: YES, gulpfile.js: YES, selenium: NO, JS platforms: ].
INFO [org.netbeans.ui.metrics.projects]: USG_PROJECT_OPEN
INFO [org.netbeans.ui.indexing]: Indexing started, time from last indexing 0 ms.
INFO [org.netbeans.modules.parsing.impl.indexing.RepositoryUpdater]: Resolving dependencies took: 5 ms
INFO [org.netbeans.modules.parsing.impl.indexing.RepositoryUpdater]: Complete indexing of 0 binary roots took: 1 ms
WARNING [org.netbeans.core.startup.InstalledFileLocatorImpl]: no code name base passed when looking up typescript-lsp/node_modules/typescript-language-server/lib/cli.js at org.netbeans.modules.typescript.editor.TypeScriptLSP.startServer(TypeScriptLSP.java:64)
INFO [org.netbeans.modules.masterfs.watcher.windows.WindowsNotifier]: Adding listener for drive C:/
WARNING [org.netbeans.modules.versioning.util.Utils]: associateEncoding() no file object available for C:\Users\Chris\AppData\Local\Temp\vcs-1687811117776\vcs-1687811117776\blautest.html
WARNING [org.openide.awt.Toolbar]: Too long AWTTask: 3.387 ms for org.openide.awt.MenuBar$LazyMenu$MenuFolder@1cae817f(FolderList{MultiFileObject@1334a193[Menu/Edit]})
WARNING [org.netbeans.core.TimableEventQueue]: too much time in AWT thread org.netbeans.modules.sampler.InternalSampler@635ec640
ANTLR Tool version 4.5.3 used for code generation does not match the current runtime version 4.7.2ANTLR Tool version 4.5.3 used for code generation does not match the current runtime version 4.7.2log4j:WARN No appenders could be found for logger (nu.validator.source.LocationRecorder).
log4j:WARN Please initialize the log4j system properly.
INFO [org.netbeans.modules.parsing.impl.indexing.RepositoryUpdater]: Indexing of: C:\Users\Chris\Documents\NetBeansProjects\HTML5Application took: 9.683 ms (New or modified files: 68, Deleted files: 0) [Adding listeners took: 0 ms]
INFO [org.netbeans.modules.parsing.impl.indexing.RepositoryUpdater]: Complete indexing of 1 source roots took: 9.683 ms (New or modified files: 68, Deleted files: 0) [Adding listeners took: 0 ms]
INFO [org.netbeans.ui.indexing]: Indexing finished, indexing took 10.271 ms.
INFO [org.netbeans.ui.indexing]: Indexing started, time from last indexing 0 ms.
INFO [org.netbeans.modules.parsing.impl.indexing.RepositoryUpdater]: Resolving dependencies took: 12 ms
INFO [org.netbeans.modules.parsing.impl.indexing.RepositoryUpdater]: Complete indexing of 0 binary roots took: 0 ms
INFO [org.netbeans.modules.parsing.impl.indexing.RepositoryUpdater]: Indexing of: C:\Users\Chris\Downloads\NetBeans Versions\netbeans 13.0\webcommon\jsstubs\reststubs.zip took: 381 ms (New or modified files: 14, Deleted files: 0) [Adding listeners took: 0 ms]
INFO [org.netbeans.modules.parsing.impl.indexing.RepositoryUpdater]: Indexing of: C:\Users\Chris\Downloads\NetBeans Versions\netbeans 13.0\webcommon\jsstubs\domstubs.zip took: 1.133 ms (New or modified files: 133, Deleted files: 0) [Adding listeners took: 0 ms]
INFO [org.netbeans.modules.parsing.impl.indexing.RepositoryUpdater]: Indexing of: C:\Users\Chris\Downloads\NetBeans Versions\netbeans 13.0\webcommon\jsstubs\corestubs.zip took: 647 ms (New or modified files: 54, Deleted files: 0) [Adding listeners took: 0 ms]
INFO [org.netbeans.modules.parsing.impl.indexing.RepositoryUpdater]: Complete indexing of 3 source roots took: 2.161 ms (New or modified files: 201, Deleted files: 0) [Adding listeners took: 0 ms]
INFO [org.netbeans.ui.indexing]: Indexing finished, indexing took 2.174 ms.
WARNING [org.netbeans.modules.versioning.util.Utils]: associateEncoding() no file object available for C:\Users\Chris\AppData\Local\Temp\vcs-1687811117776\vcs-1687811131347\blautest.html
WARNING [org.netbeans.core.TimableEventQueue]: too much time in AWT thread org.netbeans.modules.sampler.InternalSampler@16b6fe7b
WARNING [org.netbeans.modules.versioning.util.Utils]: associateEncoding() no file object available for C:\Users\Chris\AppData\Local\Temp\vcs-1687811117776\vcs-1687811138666\newhtml1.html
WARNING [org.netbeans.modules.parsing.impl.TaskProcessor]: ParserManager.parse called in AWT event thread by: org.netbeans.modules.html.editor.gsf.HtmlStructureItem.runTask(HtmlStructureItem.java:141)
WARNING [org.netbeans.modules.versioning.util.Utils]: associateEncoding() no file object available for C:\Users\Chris\AppData\Local\Temp\vcs-1687811117776\vcs-1687811148708\img-test.html
INFO [org.netbeans.ui.metrics.editor]: USG_EDITOR_MIME_TYPE
INFO [org.netbeans.ui.indexing]: Indexing started, time from last indexing 40.894 ms.
INFO [org.netbeans.ui.indexing]: Indexing finished, indexing took 3 ms.
INFO [org.netbeans.core.netigso.Netigso]: bundle org.eclipse.osgi@3.9.1.v20140110-1610 256
INFO [org.netbeans.core.netigso.Netigso]: bundle org.eclipse.osgi@3.9.1.v20140110-1610 stopped
INFO [null]: Last record repeated again.
